#
# There is insufficient memory for the Java Runtime Environment to continue.
# Native memory allocation (malloc) failed to allocate 1048576 bytes for AllocateHeap
# Possible reasons:
#   The system is out of physical RAM or swap space
#   The process is running with CompressedOops enabled, and the Java Heap may be blocking the growth of the native heap
# Possible solutions:
#   Reduce memory load on the system
#   Increase physical memory or swap space
#   Check if swap backing store is full
#   Decrease Java heap size (-Xmx/-Xms)
#   Decrease number of Java threads
#   Decrease Java thread stack sizes (-Xss)
#   Set larger code cache with -XX:ReservedCodeCacheSize=
#   JVM is running with Unscaled Compressed Oops mode in which the Java heap is
#     placed in the first 4GB address space. The Java Heap base address is the
#     maximum limit for the native heap growth. Please use -XX:HeapBaseMinAddress
#     to set the Java Heap base and to place the Java Heap above 4GB virtual address.
# This output file may be truncated or incomplete.
#
#  Out of Memory Error (./src/hotspot/share/memory/allocation.cpp:46), pid=15536, tid=17008
#
# JRE version: OpenJDK Runtime Environment (11.0.7+10) (build 11.0.7+10-b765.53)
# Java VM: OpenJDK 64-Bit Server VM (11.0.7+10-b765.53, mixed mode, tiered, compressed oops, g1 gc, windows-amd64)
# No core dump will be written. Minidumps are not enabled by default on client versions of Windows
#

---------------  S U M M A R Y ------------

Command Line: -javaagent:C:\Program Files\JetBrains\IntelliJ IDEA Community Edition 2019.3.4\lib\idea_rt.jar=60331:C:\Program Files\JetBrains\IntelliJ IDEA Community Edition 2019.3.4\bin -Dfile.encoding=UTF-8 com.liblogic.memorialApp.MemorialApplication

Host: Intel(R) Core(TM)2 Duo CPU     E7500  @ 2.93GHz, 2 cores, 5G,  Windows 10 , 64 bit Build 18362 (10.0.18362.900)
Time: Thu Jul  9 08:53:58 2020 Eastern Daylight Time elapsed time: 258600 seconds (2d 23h 50m 0s)

---------------  T H R E A D  ---------------

Current thread (0x000001fd2aeab000):  VMThread "VM Thread" [stack: 0x00000075ca300000,0x00000075ca400000] [id=17008]

Stack: [0x00000075ca300000,0x00000075ca400000]
[error occurred during error reporting (printing stack bounds), id 0xc0000005, EXCEPTION_ACCESS_VIOLATION (0xc0000005) at pc=0x000001fd16580dbd]

Native frames: (J=compiled Java code, j=interpreted, Vv=VM code, C=native code)
V  [jvm.dll+0x5dda4a]
V  [jvm.dll+0x711595]
V  [jvm.dll+0x712aed]
V  [jvm.dll+0x713105]
V  [jvm.dll+0x7130bb]
V  [jvm.dll+0x5dcea8]
V  [jvm.dll+0x5dd638]
C  [ntdll.dll+0xa11cf]
C  [ntdll.dll+0x6a209]
C  [ntdll.dll+0x9fe3e]
C  0x000001fd16580dbd

VM_Operation (0x00000075cb0fee10): G1CollectFull, mode: safepoint, requested by thread 0x000001fd3054f800


---------------  P R O C E S S  ---------------

Threads class SMR info:
_java_thread_list=0x000001fd2d2c87b0, length=13, elements={
0x000001fd2aed1000, 0x000001fd2aed2000, 0x000001fd2b862800, 0x000001fd2aeeb800,
0x000001fd2aeef800, 0x000001fd2aef1000, 0x000001fd2b8a7800, 0x000001fd2ae66000,
0x000001fd2bc1d800, 0x000001fd2bc1e000, 0x000001fd2ec58000, 0x000001fd30550800,
0x000001fd3054f800
}

Java Threads: ( => current thread )
  0x000001fd2aed1000 JavaThread "Reference Handler" daemon [_thread_blocked, id=16424, stack(0x00000075ca400000,0x00000075ca500000)]
  0x000001fd2aed2000 JavaThread "Finalizer" daemon [_thread_blocked, id=13544, stack(0x00000075ca500000,0x00000075ca600000)]
  0x000001fd2b862800 JavaThread "Signal Dispatcher" daemon [_thread_blocked, id=11664, stack(0x00000075ca600000,0x00000075ca700000)]
  0x000001fd2aeeb800 JavaThread "Attach Listener" daemon [_thread_blocked, id=2412, stack(0x00000075ca700000,0x00000075ca800000)]
  0x000001fd2aeef800 JavaThread "C2 CompilerThread0" daemon [_thread_blocked, id=9804, stack(0x00000075ca800000,0x00000075ca900000)]
  0x000001fd2aef1000 JavaThread "C1 CompilerThread0" daemon [_thread_blocked, id=5624, stack(0x00000075ca900000,0x00000075caa00000)]
  0x000001fd2b8a7800 JavaThread "Sweeper thread" daemon [_thread_blocked, id=11432, stack(0x00000075caa00000,0x00000075cab00000)]
  0x000001fd2ae66000 JavaThread "Common-Cleaner" daemon [_thread_blocked, id=17012, stack(0x00000075cab00000,0x00000075cac00000)]
  0x000001fd2bc1d800 JavaThread "Monitor Ctrl-Break" daemon [_thread_in_native, id=13104, stack(0x00000075cac00000,0x00000075cad00000)]
  0x000001fd2bc1e000 JavaThread "Service Thread" daemon [_thread_blocked, id=16576, stack(0x00000075cad00000,0x00000075cae00000)]
  0x000001fd2ec58000 JavaThread "Live Reload Server" daemon [_thread_in_native, id=17044, stack(0x00000075cba00000,0x00000075cbb00000)]
  0x000001fd30550800 JavaThread "DestroyJavaVM" [_thread_blocked, id=9876, stack(0x00000075c9d00000,0x00000075c9e00000)]
  0x000001fd3054f800 JavaThread "Thread-223" [_thread_blocked, id=2868, stack(0x00000075cb000000,0x00000075cb100000)]

Other Threads:
=>0x000001fd2aeab000 VMThread "VM Thread" [stack: 0x00000075ca300000,0x00000075ca400000] [id=17008]
  0x000001fd2bef6800 WatcherThread [stack: 0x00000075cae00000,0x00000075caf00000] [id=2972]
  0x000001fd124ca800 GCTaskThread "GC Thread#0" [stack: 0x00000075c9e00000,0x00000075c9f00000] [id=15048]
  0x000001fd2bc1a000 GCTaskThread "GC Thread#1" [stack: 0x00000075caf00000,0x00000075cb000000] [id=13768]
  0x000001fd124f0000 ConcurrentGCThread "G1 Main Marker" [stack: 0x00000075c9f00000,0x00000075ca000000] [id=16792]
  0x000001fd124f2000 ConcurrentGCThread "G1 Conc#0" [stack: 0x00000075ca000000,0x00000075ca100000] [id=14680]
  0x000001fd1255d800 ConcurrentGCThread "G1 Refine#0" [stack: 0x00000075ca100000,0x00000075ca200000] [id=8872]
  0x000001fd1255e800 ConcurrentGCThread "G1 Young RemSet Sampling" [stack: 0x00000075ca200000,0x00000075ca300000] [id=9860]

Threads with active compile tasks:

VM state:at safepoint (normal execution)

VM Mutex/Monitor currently owned by a thread:  ([mutex/lock_event])
[0x000001fd124b04e0] Threads_lock - owner thread: 0x000001fd2aeab000
[0x000001fd124af520] Heap_lock - owner thread: 0x000001fd3054f800

Heap address: 0x00000000a1000000, size: 1520 MB, Compressed Oops mode: 32-bit
Narrow klass base: 0x0000000000000000, Narrow klass shift: 3
Compressed class space size: 1073741824 Address: 0x0000000100000000

Heap:
 garbage-first heap   total 155648K, used 33097K [0x00000000a1000000, 0x0000000100000000)
  region size 1024K, 11 young (11264K), 1 survivors (1024K)
 Metaspace       used 63711K, capacity 65105K, committed 65276K, reserved 1105920K
  class space    used 7689K, capacity 8246K, committed 8320K, reserved 1048576K
Heap Regions: E=young(eden), S=young(survivor), O=old, HS=humongous(starts), HC=humongous(continues), CS=collection set, F=free, A=archive, TAMS=top-at-mark-start (previous, next)
|   0|0x00000000a1000000, 0x00000000a1100000, 0x00000000a1100000|100%|HS|  |TAMS 0x00000000a1100000, 0x00000000a1000000| Complete 
|   1|0x00000000a1100000, 0x00000000a1200000, 0x00000000a1200000|100%| O|  |TAMS 0x00000000a1200000, 0x00000000a1100000| Untracked 
|   2|0x00000000a1200000, 0x00000000a1300000, 0x00000000a1300000|100%| O|  |TAMS 0x00000000a1300000, 0x00000000a1200000| Untracked 
|   3|0x00000000a1300000, 0x00000000a1400000, 0x00000000a1400000|100%| O|  |TAMS 0x00000000a1400000, 0x00000000a1300000| Untracked 
|   4|0x00000000a1400000, 0x00000000a1500000, 0x00000000a1500000|100%| O|  |TAMS 0x00000000a1500000, 0x00000000a1400000| Untracked 
|   5|0x00000000a1500000, 0x00000000a1600000, 0x00000000a1600000|100%| O|  |TAMS 0x00000000a1600000, 0x00000000a1500000| Untracked 
|   6|0x00000000a1600000, 0x00000000a1700000, 0x00000000a1700000|100%| O|  |TAMS 0x00000000a1700000, 0x00000000a1600000| Untracked 
|   7|0x00000000a1700000, 0x00000000a1800000, 0x00000000a1800000|100%| O|  |TAMS 0x00000000a1800000, 0x00000000a1700000| Untracked 
|   8|0x00000000a1800000, 0x00000000a1900000, 0x00000000a1900000|100%| O|  |TAMS 0x00000000a1900000, 0x00000000a1800000| Untracked 
|   9|0x00000000a1900000, 0x00000000a1a00000, 0x00000000a1a00000|100%| O|  |TAMS 0x00000000a1a00000, 0x00000000a1900000| Untracked 
|  10|0x00000000a1a00000, 0x00000000a1b00000, 0x00000000a1b00000|100%| O|  |TAMS 0x00000000a1b00000, 0x00000000a1a00000| Untracked 
|  11|0x00000000a1b00000, 0x00000000a1c00000, 0x00000000a1c00000|100%| O|  |TAMS 0x00000000a1c00000, 0x00000000a1b00000| Untracked 
|  12|0x00000000a1c00000, 0x00000000a1d00000, 0x00000000a1d00000|100%| O|  |TAMS 0x00000000a1d00000, 0x00000000a1c00000| Untracked 
|  13|0x00000000a1d00000, 0x00000000a1e00000, 0x00000000a1e00000|100%| O|  |TAMS 0x00000000a1e00000, 0x00000000a1d00000| Untracked 
|  14|0x00000000a1e00000, 0x00000000a1f00000, 0x00000000a1f00000|100%| O|  |TAMS 0x00000000a1f00000, 0x00000000a1e00000| Untracked 
|  15|0x00000000a1f00000, 0x00000000a2000000, 0x00000000a2000000|100%| O|  |TAMS 0x00000000a2000000, 0x00000000a1f00000| Untracked 
|  16|0x00000000a2000000, 0x00000000a2100000, 0x00000000a2100000|100%| O|  |TAMS 0x00000000a2100000, 0x00000000a2000000| Untracked 
|  17|0x00000000a2100000, 0x00000000a2200000, 0x00000000a2200000|100%| O|  |TAMS 0x00000000a214d000, 0x00000000a2100000| Untracked 
|  18|0x00000000a2200000, 0x00000000a2300000, 0x00000000a2300000|100%| O|  |TAMS 0x00000000a2200000, 0x00000000a2200000| Untracked 
|  19|0x00000000a2300000, 0x00000000a2400000, 0x00000000a2400000|100%| O|  |TAMS 0x00000000a2300000, 0x00000000a2300000| Untracked 
|  20|0x00000000a2400000, 0x00000000a2500000, 0x00000000a2500000|100%| O|  |TAMS 0x00000000a2400000, 0x00000000a2400000| Untracked 
|  21|0x00000000a2500000, 0x00000000a2600000, 0x00000000a2600000|100%| O|  |TAMS 0x00000000a2500000, 0x00000000a2500000| Untracked 
|  22|0x00000000a2600000, 0x00000000a2700000, 0x00000000a2700000|100%| O|  |TAMS 0x00000000a2600000, 0x00000000a2600000| Untracked 
|  23|0x00000000a2700000, 0x00000000a274a400, 0x00000000a2800000| 29%| O|  |TAMS 0x00000000a2700000, 0x00000000a2700000| Untracked 
|  24|0x00000000a2800000, 0x00000000a2800000, 0x00000000a2900000|  0%| F|  |TAMS 0x00000000a2800000, 0x00000000a2800000| Untracked 
|  25|0x00000000a2900000, 0x00000000a2900000, 0x00000000a2a00000|  0%| F|  |TAMS 0x00000000a2900000, 0x00000000a2900000| Untracked 
|  26|0x00000000a2a00000, 0x00000000a2a00000, 0x00000000a2b00000|  0%| F|  |TAMS 0x00000000a2a00000, 0x00000000a2a00000| Untracked 
|  27|0x00000000a2b00000, 0x00000000a2b00000, 0x00000000a2c00000|  0%| F|  |TAMS 0x00000000a2b00000, 0x00000000a2b00000| Untracked 
|  28|0x00000000a2c00000, 0x00000000a2c00000, 0x00000000a2d00000|  0%| F|  |TAMS 0x00000000a2c00000, 0x00000000a2c00000| Untracked 
|  29|0x00000000a2d00000, 0x00000000a2d00000, 0x00000000a2e00000|  0%| F|  |TAMS 0x00000000a2d00000, 0x00000000a2d00000| Untracked 
|  30|0x00000000a2e00000, 0x00000000a2e00000, 0x00000000a2f00000|  0%| F|  |TAMS 0x00000000a2e00000, 0x00000000a2e00000| Untracked 
|  31|0x00000000a2f00000, 0x00000000a2f00000, 0x00000000a3000000|  0%| F|  |TAMS 0x00000000a2f00000, 0x00000000a2f00000| Untracked 
|  32|0x00000000a3000000, 0x00000000a3000000, 0x00000000a3100000|  0%| F|  |TAMS 0x00000000a3000000, 0x00000000a3000000| Untracked 
|  33|0x00000000a3100000, 0x00000000a3100000, 0x00000000a3200000|  0%| F|  |TAMS 0x00000000a3100000, 0x00000000a3100000| Untracked 
|  34|0x00000000a3200000, 0x00000000a3200000, 0x00000000a3300000|  0%| F|  |TAMS 0x00000000a3200000, 0x00000000a3200000| Untracked 
|  35|0x00000000a3300000, 0x00000000a3300000, 0x00000000a3400000|  0%| F|  |TAMS 0x00000000a3300000, 0x00000000a3300000| Untracked 
|  36|0x00000000a3400000, 0x00000000a3400000, 0x00000000a3500000|  0%| F|  |TAMS 0x00000000a3400000, 0x00000000a3400000| Untracked 
|  37|0x00000000a3500000, 0x00000000a3500000, 0x00000000a3600000|  0%| F|  |TAMS 0x00000000a3500000, 0x00000000a3500000| Untracked 
|  38|0x00000000a3600000, 0x00000000a3600000, 0x00000000a3700000|  0%| F|  |TAMS 0x00000000a3600000, 0x00000000a3600000| Untracked 
|  39|0x00000000a3700000, 0x00000000a3700000, 0x00000000a3800000|  0%| F|  |TAMS 0x00000000a3700000, 0x00000000a3700000| Untracked 
|  40|0x00000000a3800000, 0x00000000a3800000, 0x00000000a3900000|  0%| F|  |TAMS 0x00000000a3800000, 0x00000000a3800000| Untracked 
|  41|0x00000000a3900000, 0x00000000a3900000, 0x00000000a3a00000|  0%| F|  |TAMS 0x00000000a3900000, 0x00000000a3900000| Untracked 
|  42|0x00000000a3a00000, 0x00000000a3a00000, 0x00000000a3b00000|  0%| F|  |TAMS 0x00000000a3a00000, 0x00000000a3a00000| Untracked 
|  43|0x00000000a3b00000, 0x00000000a3b00000, 0x00000000a3c00000|  0%| F|  |TAMS 0x00000000a3b00000, 0x00000000a3b00000| Untracked 
|  44|0x00000000a3c00000, 0x00000000a3c00000, 0x00000000a3d00000|  0%| F|  |TAMS 0x00000000a3c00000, 0x00000000a3c00000| Untracked 
|  45|0x00000000a3d00000, 0x00000000a3d00000, 0x00000000a3e00000|  0%| F|  |TAMS 0x00000000a3d00000, 0x00000000a3d00000| Untracked 
|  46|0x00000000a3e00000, 0x00000000a3e00000, 0x00000000a3f00000|  0%| F|  |TAMS 0x00000000a3e00000, 0x00000000a3e00000| Untracked 
|  47|0x00000000a3f00000, 0x00000000a3f00000, 0x00000000a4000000|  0%| F|  |TAMS 0x00000000a3f00000, 0x00000000a3f00000| Untracked 
|  48|0x00000000a4000000, 0x00000000a4000000, 0x00000000a4100000|  0%| F|  |TAMS 0x00000000a4000000, 0x00000000a4000000| Untracked 
|  49|0x00000000a4100000, 0x00000000a4100000, 0x00000000a4200000|  0%| F|  |TAMS 0x00000000a4100000, 0x00000000a4100000| Untracked 
|  50|0x00000000a4200000, 0x00000000a4200000, 0x00000000a4300000|  0%| F|  |TAMS 0x00000000a4200000, 0x00000000a4200000| Untracked 
|  51|0x00000000a4300000, 0x00000000a4300000, 0x00000000a4400000|  0%| F|  |TAMS 0x00000000a4300000, 0x00000000a4300000| Untracked 
|  52|0x00000000a4400000, 0x00000000a4400000, 0x00000000a4500000|  0%| F|  |TAMS 0x00000000a4400000, 0x00000000a4400000| Untracked 
|  53|0x00000000a4500000, 0x00000000a4500000, 0x00000000a4600000|  0%| F|  |TAMS 0x00000000a4500000, 0x00000000a4500000| Untracked 
|  54|0x00000000a4600000, 0x00000000a4600000, 0x00000000a4700000|  0%| F|  |TAMS 0x00000000a4600000, 0x00000000a4600000| Untracked 
|  55|0x00000000a4700000, 0x00000000a4700000, 0x00000000a4800000|  0%| F|  |TAMS 0x00000000a4700000, 0x00000000a4700000| Untracked 
|  56|0x00000000a4800000, 0x00000000a4800000, 0x00000000a4900000|  0%| F|  |TAMS 0x00000000a4800000, 0x00000000a4800000| Untracked 
|  57|0x00000000a4900000, 0x00000000a4900000, 0x00000000a4a00000|  0%| F|  |TAMS 0x00000000a4900000, 0x00000000a4900000| Untracked 
|  58|0x00000000a4a00000, 0x00000000a4a00000, 0x00000000a4b00000|  0%| F|  |TAMS 0x00000000a4a00000, 0x00000000a4a00000| Untracked 
|  59|0x00000000a4b00000, 0x00000000a4b00000, 0x00000000a4c00000|  0%| F|  |TAMS 0x00000000a4b00000, 0x00000000a4b00000| Untracked 
|  60|0x00000000a4c00000, 0x00000000a4c082b0, 0x00000000a4d00000|  3%| S|CS|TAMS 0x00000000a4c00000, 0x00000000a4c00000| Complete 
|  61|0x00000000a4d00000, 0x00000000a4d00000, 0x00000000a4e00000|  0%| F|  |TAMS 0x00000000a4d00000, 0x00000000a4d00000| Untracked 
|  62|0x00000000a4e00000, 0x00000000a4e00000, 0x00000000a4f00000|  0%| F|  |TAMS 0x00000000a4e00000, 0x00000000a4e00000| Untracked 
|  63|0x00000000a4f00000, 0x00000000a4f00000, 0x00000000a5000000|  0%| F|  |TAMS 0x00000000a4f00000, 0x00000000a4f00000| Untracked 
|  64|0x00000000a5000000, 0x00000000a5000000, 0x00000000a5100000|  0%| F|  |TAMS 0x00000000a5000000, 0x00000000a5000000| Untracked 
|  65|0x00000000a5100000, 0x00000000a5100000, 0x00000000a5200000|  0%| F|  |TAMS 0x00000000a5100000, 0x00000000a5100000| Untracked 
|  66|0x00000000a5200000, 0x00000000a5200000, 0x00000000a5300000|  0%| F|  |TAMS 0x00000000a5200000, 0x00000000a5200000| Untracked 
|  67|0x00000000a5300000, 0x00000000a5300000, 0x00000000a5400000|  0%| F|  |TAMS 0x00000000a5300000, 0x00000000a5300000| Untracked 
|  68|0x00000000a5400000, 0x00000000a5400000, 0x00000000a5500000|  0%| F|  |TAMS 0x00000000a5400000, 0x00000000a5400000| Untracked 
|  69|0x00000000a5500000, 0x00000000a5500000, 0x00000000a5600000|  0%| F|  |TAMS 0x00000000a5500000, 0x00000000a5500000| Untracked 
|  70|0x00000000a5600000, 0x00000000a5600000, 0x00000000a5700000|  0%| F|  |TAMS 0x00000000a5600000, 0x00000000a5600000| Untracked 
|  71|0x00000000a5700000, 0x00000000a5700000, 0x00000000a5800000|  0%| F|  |TAMS 0x00000000a5700000, 0x00000000a5700000| Untracked 
|  72|0x00000000a5800000, 0x00000000a5800000, 0x00000000a5900000|  0%| F|  |TAMS 0x00000000a5800000, 0x00000000a5800000| Untracked 
|  73|0x00000000a5900000, 0x00000000a5900000, 0x00000000a5a00000|  0%| F|  |TAMS 0x00000000a5900000, 0x00000000a5900000| Untracked 
|  74|0x00000000a5a00000, 0x00000000a5a00000, 0x00000000a5b00000|  0%| F|  |TAMS 0x00000000a5a00000, 0x00000000a5a00000| Untracked 
|  75|0x00000000a5b00000, 0x00000000a5b00000, 0x00000000a5c00000|  0%| F|  |TAMS 0x00000000a5b00000, 0x00000000a5b00000| Untracked 
|  76|0x00000000a5c00000, 0x00000000a5c00000, 0x00000000a5d00000|  0%| F|  |TAMS 0x00000000a5c00000, 0x00000000a5c00000| Untracked 
|  77|0x00000000a5d00000, 0x00000000a5d00000, 0x00000000a5e00000|  0%| F|  |TAMS 0x00000000a5d00000, 0x00000000a5d00000| Untracked 
|  78|0x00000000a5e00000, 0x00000000a5e00000, 0x00000000a5f00000|  0%| F|  |TAMS 0x00000000a5e00000, 0x00000000a5e00000| Untracked 
|  79|0x00000000a5f00000, 0x00000000a5f00000, 0x00000000a6000000|  0%| F|  |TAMS 0x00000000a5f00000, 0x00000000a5f00000| Untracked 
|  80|0x00000000a6000000, 0x00000000a6000000, 0x00000000a6100000|  0%| F|  |TAMS 0x00000000a6000000, 0x00000000a6000000| Untracked 
|  81|0x00000000a6100000, 0x00000000a6100000, 0x00000000a6200000|  0%| F|  |TAMS 0x00000000a6100000, 0x00000000a6100000| Untracked 
|  82|0x00000000a6200000, 0x00000000a6200000, 0x00000000a6300000|  0%| F|  |TAMS 0x00000000a6200000, 0x00000000a6200000| Untracked 
|  83|0x00000000a6300000, 0x00000000a6300000, 0x00000000a6400000|  0%| F|  |TAMS 0x00000000a6300000, 0x00000000a6300000| Untracked 
|  84|0x00000000a6400000, 0x00000000a6400000, 0x00000000a6500000|  0%| F|  |TAMS 0x00000000a6400000, 0x00000000a6400000| Untracked 
|  85|0x00000000a6500000, 0x00000000a6500000, 0x00000000a6600000|  0%| F|  |TAMS 0x00000000a6500000, 0x00000000a6500000| Untracked 
|  86|0x00000000a6600000, 0x00000000a6600000, 0x00000000a6700000|  0%| F|  |TAMS 0x00000000a6600000, 0x00000000a6600000| Untracked 
|  87|0x00000000a6700000, 0x00000000a6700000, 0x00000000a6800000|  0%| F|  |TAMS 0x00000000a6700000, 0x00000000a6700000| Untracked 
|  88|0x00000000a6800000, 0x00000000a6800000, 0x00000000a6900000|  0%| F|  |TAMS 0x00000000a6800000, 0x00000000a6800000| Untracked 
|  89|0x00000000a6900000, 0x00000000a6900000, 0x00000000a6a00000|  0%| F|  |TAMS 0x00000000a6900000, 0x00000000a6900000| Untracked 
|  90|0x00000000a6a00000, 0x00000000a6a00000, 0x00000000a6b00000|  0%| F|  |TAMS 0x00000000a6a00000, 0x00000000a6a00000| Untracked 
|  91|0x00000000a6b00000, 0x00000000a6b00000, 0x00000000a6c00000|  0%| F|  |TAMS 0x00000000a6b00000, 0x00000000a6b00000| Untracked 
|  92|0x00000000a6c00000, 0x00000000a6c00000, 0x00000000a6d00000|  0%| F|  |TAMS 0x00000000a6c00000, 0x00000000a6c00000| Untracked 
|  93|0x00000000a6d00000, 0x00000000a6d00000, 0x00000000a6e00000|  0%| F|  |TAMS 0x00000000a6d00000, 0x00000000a6d00000| Untracked 
|  94|0x00000000a6e00000, 0x00000000a6e00000, 0x00000000a6f00000|  0%| F|  |TAMS 0x00000000a6e00000, 0x00000000a6e00000| Untracked 
|  95|0x00000000a6f00000, 0x00000000a6f00000, 0x00000000a7000000|  0%| F|  |TAMS 0x00000000a6f00000, 0x00000000a6f00000| Untracked 
|  96|0x00000000a7000000, 0x00000000a7000000, 0x00000000a7100000|  0%| F|  |TAMS 0x00000000a7000000, 0x00000000a7000000| Untracked 
|  97|0x00000000a7100000, 0x00000000a7100000, 0x00000000a7200000|  0%| F|  |TAMS 0x00000000a7100000, 0x00000000a7100000| Untracked 
|  98|0x00000000a7200000, 0x00000000a7200000, 0x00000000a7300000|  0%| F|  |TAMS 0x00000000a7200000, 0x00000000a7200000| Untracked 
|  99|0x00000000a7300000, 0x00000000a7300000, 0x00000000a7400000|  0%| F|  |TAMS 0x00000000a7300000, 0x00000000a7300000| Untracked 
| 100|0x00000000a7400000, 0x00000000a7400000, 0x00000000a7500000|  0%| F|  |TAMS 0x00000000a7400000, 0x00000000a7400000| Untracked 
| 101|0x00000000a7500000, 0x00000000a7500000, 0x00000000a7600000|  0%| F|  |TAMS 0x00000000a7500000, 0x00000000a7500000| Untracked 
| 102|0x00000000a7600000, 0x00000000a7600000, 0x00000000a7700000|  0%| F|  |TAMS 0x00000000a7600000, 0x00000000a7600000| Untracked 
| 103|0x00000000a7700000, 0x00000000a7700000, 0x00000000a7800000|  0%| F|  |TAMS 0x00000000a7700000, 0x00000000a7700000| Untracked 
| 104|0x00000000a7800000, 0x00000000a7800000, 0x00000000a7900000|  0%| F|  |TAMS 0x00000000a7800000, 0x00000000a7800000| Untracked 
| 105|0x00000000a7900000, 0x00000000a7900000, 0x00000000a7a00000|  0%| F|  |TAMS 0x00000000a7900000, 0x00000000a7900000| Untracked 
| 106|0x00000000a7a00000, 0x00000000a7a00000, 0x00000000a7b00000|  0%| F|  |TAMS 0x00000000a7a00000, 0x00000000a7a00000| Untracked 
| 107|0x00000000a7b00000, 0x00000000a7b00000, 0x00000000a7c00000|  0%| F|  |TAMS 0x00000000a7b00000, 0x00000000a7b00000| Untracked 
| 108|0x00000000a7c00000, 0x00000000a7c00000, 0x00000000a7d00000|  0%| F|  |TAMS 0x00000000a7c00000, 0x00000000a7c00000| Untracked 
| 109|0x00000000a7d00000, 0x00000000a7d00000, 0x00000000a7e00000|  0%| F|  |TAMS 0x00000000a7d00000, 0x00000000a7d00000| Untracked 
| 110|0x00000000a7e00000, 0x00000000a7e00000, 0x00000000a7f00000|  0%| F|  |TAMS 0x00000000a7e00000, 0x00000000a7e00000| Untracked 
| 111|0x00000000a7f00000, 0x00000000a7f00000, 0x00000000a8000000|  0%| F|  |TAMS 0x00000000a7f00000, 0x00000000a7f00000| Untracked 
| 112|0x00000000a8000000, 0x00000000a8000000, 0x00000000a8100000|  0%| F|  |TAMS 0x00000000a8000000, 0x00000000a8000000| Untracked 
| 113|0x00000000a8100000, 0x00000000a8100000, 0x00000000a8200000|  0%| F|  |TAMS 0x00000000a8100000, 0x00000000a8100000| Untracked 
| 114|0x00000000a8200000, 0x00000000a8200000, 0x00000000a8300000|  0%| F|  |TAMS 0x00000000a8200000, 0x00000000a8200000| Untracked 
| 115|0x00000000a8300000, 0x00000000a8300000, 0x00000000a8400000|  0%| F|  |TAMS 0x00000000a8300000, 0x00000000a8300000| Untracked 
| 116|0x00000000a8400000, 0x00000000a8400000, 0x00000000a8500000|  0%| F|  |TAMS 0x00000000a8400000, 0x00000000a8400000| Untracked 
| 117|0x00000000a8500000, 0x00000000a8500000, 0x00000000a8600000|  0%| F|  |TAMS 0x00000000a8500000, 0x00000000a8500000| Untracked 
| 118|0x00000000a8600000, 0x00000000a8600000, 0x00000000a8700000|  0%| F|  |TAMS 0x00000000a8600000, 0x00000000a8600000| Untracked 
| 119|0x00000000a8700000, 0x00000000a8700000, 0x00000000a8800000|  0%| F|  |TAMS 0x00000000a8700000, 0x00000000a8700000| Untracked 
| 120|0x00000000a8800000, 0x00000000a8800000, 0x00000000a8900000|  0%| F|  |TAMS 0x00000000a8800000, 0x00000000a8800000| Untracked 
| 121|0x00000000a8900000, 0x00000000a8900000, 0x00000000a8a00000|  0%| F|  |TAMS 0x00000000a8900000, 0x00000000a8900000| Untracked 
| 122|0x00000000a8a00000, 0x00000000a8a00000, 0x00000000a8b00000|  0%| F|  |TAMS 0x00000000a8a00000, 0x00000000a8a00000| Untracked 
| 123|0x00000000a8b00000, 0x00000000a8b00000, 0x00000000a8c00000|  0%| F|  |TAMS 0x00000000a8b00000, 0x00000000a8b00000| Untracked 
| 124|0x00000000a8c00000, 0x00000000a8c00000, 0x00000000a8d00000|  0%| F|  |TAMS 0x00000000a8c00000, 0x00000000a8c00000| Untracked 
| 125|0x00000000a8d00000, 0x00000000a8d00000, 0x00000000a8e00000|  0%| F|  |TAMS 0x00000000a8d00000, 0x00000000a8d00000| Untracked 
| 126|0x00000000a8e00000, 0x00000000a8e00000, 0x00000000a8f00000|  0%| F|  |TAMS 0x00000000a8e00000, 0x00000000a8e00000| Untracked 
| 127|0x00000000a8f00000, 0x00000000a8f00000, 0x00000000a9000000|  0%| F|  |TAMS 0x00000000a8f00000, 0x00000000a8f00000| Untracked 
| 128|0x00000000a9000000, 0x00000000a9000000, 0x00000000a9100000|  0%| F|  |TAMS 0x00000000a9000000, 0x00000000a9000000| Untracked 
| 129|0x00000000a9100000, 0x00000000a9100000, 0x00000000a9200000|  0%| F|  |TAMS 0x00000000a9100000, 0x00000000a9100000| Untracked 
| 130|0x00000000a9200000, 0x00000000a9200000, 0x00000000a9300000|  0%| F|  |TAMS 0x00000000a9200000, 0x00000000a9200000| Untracked 
| 131|0x00000000a9300000, 0x00000000a9300000, 0x00000000a9400000|  0%| F|  |TAMS 0x00000000a9300000, 0x00000000a9300000| Untracked 
| 132|0x00000000a9400000, 0x00000000a9400000, 0x00000000a9500000|  0%| F|  |TAMS 0x00000000a9400000, 0x00000000a9400000| Untracked 
| 133|0x00000000a9500000, 0x00000000a9500000, 0x00000000a9600000|  0%| F|  |TAMS 0x00000000a9500000, 0x00000000a9500000| Untracked 
| 134|0x00000000a9600000, 0x00000000a9600000, 0x00000000a9700000|  0%| F|  |TAMS 0x00000000a9600000, 0x00000000a9600000| Untracked 
| 135|0x00000000a9700000, 0x00000000a9700000, 0x00000000a9800000|  0%| F|  |TAMS 0x00000000a9700000, 0x00000000a9700000| Untracked 
| 136|0x00000000a9800000, 0x00000000a9800000, 0x00000000a9900000|  0%| F|  |TAMS 0x00000000a9800000, 0x00000000a9800000| Untracked 
| 137|0x00000000a9900000, 0x00000000a9900000, 0x00000000a9a00000|  0%| F|  |TAMS 0x00000000a9900000, 0x00000000a9900000| Untracked 
| 138|0x00000000a9a00000, 0x00000000a9a00000, 0x00000000a9b00000|  0%| F|  |TAMS 0x00000000a9a00000, 0x00000000a9a00000| Untracked 
| 139|0x00000000a9b00000, 0x00000000a9b00000, 0x00000000a9c00000|  0%| F|  |TAMS 0x00000000a9b00000, 0x00000000a9b00000| Untracked 
| 140|0x00000000a9c00000, 0x00000000a9c00000, 0x00000000a9d00000|  0%| F|  |TAMS 0x00000000a9c00000, 0x00000000a9c00000| Untracked 
| 141|0x00000000a9d00000, 0x00000000a9d00000, 0x00000000a9e00000|  0%| F|  |TAMS 0x00000000a9d00000, 0x00000000a9d00000| Untracked 
| 142|0x00000000a9e00000, 0x00000000a9f00000, 0x00000000a9f00000|100%| E|  |TAMS 0x00000000a9e00000, 0x00000000a9e00000| Complete 
| 143|0x00000000a9f00000, 0x00000000aa000000, 0x00000000aa000000|100%| E|CS|TAMS 0x00000000a9f00000, 0x00000000a9f00000| Complete 
| 144|0x00000000aa000000, 0x00000000aa100000, 0x00000000aa100000|100%| E|CS|TAMS 0x00000000aa000000, 0x00000000aa000000| Complete 
| 145|0x00000000aa100000, 0x00000000aa200000, 0x00000000aa200000|100%| E|CS|TAMS 0x00000000aa100000, 0x00000000aa100000| Complete 
| 146|0x00000000aa200000, 0x00000000aa300000, 0x00000000aa300000|100%| E|CS|TAMS 0x00000000aa200000, 0x00000000aa200000| Complete 
| 147|0x00000000aa300000, 0x00000000aa400000, 0x00000000aa400000|100%| E|CS|TAMS 0x00000000aa300000, 0x00000000aa300000| Complete 
| 148|0x00000000aa400000, 0x00000000aa500000, 0x00000000aa500000|100%| E|CS|TAMS 0x00000000aa400000, 0x00000000aa400000| Complete 
| 149|0x00000000aa500000, 0x00000000aa600000, 0x00000000aa600000|100%| E|CS|TAMS 0x00000000aa500000, 0x00000000aa500000| Complete 
| 150|0x00000000aa600000, 0x00000000aa700000, 0x00000000aa700000|100%| E|CS|TAMS 0x00000000aa600000, 0x00000000aa600000| Complete 
| 151|0x00000000aa700000, 0x00000000aa800000, 0x00000000aa800000|100%| E|CS|TAMS 0x00000000aa700000, 0x00000000aa700000| Complete 

Card table byte_map: [0x000001fd25580000,0x000001fd25880000] _byte_map_base: 0x000001fd25078000

Marking Bits (Prev, Next): (CMBitMap*) 0x000001fd124e9070, (CMBitMap*) 0x000001fd124e9038
 Prev Bits: [0x000001fd27340000, 0x000001fd28b00000)
 Next Bits: [0x000001fd25b80000, 0x000001fd27340000)

Polling page: 0x000001fd10390000

Metaspace:

Usage:
  Non-class:     55.53 MB capacity,    54.71 MB ( 99%) used,   661.97 KB (  1%) free+waste,   175.13 KB ( <1%) overhead. 
      Class:      8.05 MB capacity,     7.51 MB ( 93%) used,   477.20 KB (  6%) free+waste,    79.63 KB ( <1%) overhead. 
       Both:     63.58 MB capacity,    62.22 MB ( 98%) used,     1.11 MB (  2%) free+waste,   254.75 KB ( <1%) overhead. 

Virtual space:
  Non-class space:       56.00 MB reserved,      55.62 MB (>99%) committed 
      Class space:        1.00 GB reserved,       8.13 MB ( <1%) committed 
             Both:        1.05 GB reserved,      63.75 MB (  6%) committed 

Chunk freelists:
   Non-Class:  33.00 KB
       Class:  10.00 KB
        Both:  43.00 KB

MaxMetaspaceSize: 17179869184.00 GB
CompressedClassSpaceSize: 1.00 GB

CodeHeap 'non-profiled nmethods': size=120064Kb used=3463Kb max_used=3806Kb free=116600Kb
 bounds [0x000001fd1e040000, 0x000001fd1e400000, 0x000001fd25580000]
CodeHeap 'profiled nmethods': size=120000Kb used=13597Kb max_used=13684Kb free=106402Kb
 bounds [0x000001fd16b10000, 0x000001fd17960000, 0x000001fd1e040000]
CodeHeap 'non-nmethods': size=5696Kb used=1204Kb max_used=1242Kb free=4491Kb
 bounds [0x000001fd16580000, 0x000001fd167f0000, 0x000001fd16b10000]
 total_blobs=9860 nmethods=5922 adapters=492
 compilation: enabled
              stopped_count=0, restarted_count=0
 full_count=0

Compilation events (20 events):
Event: 258600.181 Thread 0x000001fd2aef1000 nmethod 7249 0x000001fd1e235010 code [0x000001fd1e2351c0, 0x000001fd1e2352d8]
Event: 258600.181 Thread 0x000001fd2aef1000 7250       3       java.time.temporal.ValueRange::isValidValue (24 bytes)
Event: 258600.181 Thread 0x000001fd2aef1000 nmethod 7250 0x000001fd1705dd90 code [0x000001fd1705df40, 0x000001fd1705e178]
Event: 258600.181 Thread 0x000001fd2aef1000 7251       3       java.time.temporal.ChronoField::checkValidValue (10 bytes)
Event: 258600.183 Thread 0x000001fd2aef1000 nmethod 7251 0x000001fd173d4c90 code [0x000001fd173d4e80, 0x000001fd173d5300]
Event: 258600.183 Thread 0x000001fd2aef1000 7254       3       java.time.temporal.ValueRange::checkValidValue (24 bytes)
Event: 258600.183 Thread 0x000001fd2aef1000 nmethod 7254 0x000001fd173eb990 code [0x000001fd173ebb80, 0x000001fd173ebf60]
Event: 258600.183 Thread 0x000001fd2aef1000 7252       1       java.time.zone.ZoneOffsetTransition::getOffsetAfter (5 bytes)
Event: 258600.183 Thread 0x000001fd2aef1000 nmethod 7252 0x000001fd1e234c90 code [0x000001fd1e234e40, 0x000001fd1e234f58]
Event: 258600.183 Thread 0x000001fd2aef1000 7253       1       java.time.zone.ZoneOffsetTransition::getOffsetBefore (5 bytes)
Event: 258600.183 Thread 0x000001fd2aef1000 nmethod 7253 0x000001fd1e234910 code [0x000001fd1e234ac0, 0x000001fd1e234bd8]
Event: 258600.183 Thread 0x000001fd2aef1000 7256       1       java.time.zone.ZoneOffsetTransition::getDateTimeBefore (5 bytes)
Event: 258600.183 Thread 0x000001fd2aef1000 nmethod 7256 0x000001fd1e234590 code [0x000001fd1e234740, 0x000001fd1e234858]
Event: 258600.296 Thread 0x000001fd2aeef800 nmethod 7245% 0x000001fd1e24e390 code [0x000001fd1e24e680, 0x000001fd1e251e48]
Event: 258600.296 Thread 0x000001fd2aeef800 7255       4       java.lang.Math::floorDiv (31 bytes)
Event: 258600.298 Thread 0x000001fd2aeef800 nmethod 7255 0x000001fd1e1f3410 code [0x000001fd1e1f35a0, 0x000001fd1e1f3658]
Event: 258600.499 Thread 0x000001fd2aef1000 7258       3       org.h2.command.Command::close (6 bytes)
Event: 258600.501 Thread 0x000001fd2aef1000 nmethod 7258 0x000001fd16b22a10 code [0x000001fd16b22bc0, 0x000001fd16b22d18]
Event: 258600.601 Thread 0x000001fd2aef1000 7259       1       org.springframework.util.ConcurrentReferenceHashMap::access$200 (5 bytes)
Event: 258600.602 Thread 0x000001fd2aef1000 nmethod 7259 0x000001fd1e234210 code [0x000001fd1e2343c0, 0x000001fd1e2344b8]

GC Heap History (20 events):
Event: 225688.130 GC heap before
{Heap before GC invocations=78 (full 0):
 garbage-first heap   total 155648K, used 116021K [0x00000000a1000000, 0x0000000100000000)
  region size 1024K, 91 young (93184K), 1 survivors (1024K)
 Metaspace       used 63215K, capacity 64596K, committed 64636K, reserved 1105920K
  class space    used 7623K, capacity 8180K, committed 8192K, reserved 1048576K
}
Event: 225688.135 GC heap after
{Heap after GC invocations=79 (full 0):
 garbage-first heap   total 155648K, used 23866K [0x00000000a1000000, 0x0000000100000000)
  region size 1024K, 1 young (1024K), 1 survivors (1024K)
 Metaspace       used 63215K, capacity 64596K, committed 64636K, reserved 1105920K
  class space    used 7623K, capacity 8180K, committed 8192K, reserved 1048576K
}
Event: 229314.332 GC heap before
{Heap before GC invocations=79 (full 0):
 garbage-first heap   total 155648K, used 116026K [0x00000000a1000000, 0x0000000100000000)
  region size 1024K, 91 young (93184K), 1 survivors (1024K)
 Metaspace       used 63215K, capacity 64596K, committed 64636K, reserved 1105920K
  class space    used 7623K, capacity 8180K, committed 8192K, reserved 1048576K
}
Event: 229314.337 GC heap after
{Heap after GC invocations=80 (full 0):
 garbage-first heap   total 155648K, used 23863K [0x00000000a1000000, 0x0000000100000000)
  region size 1024K, 1 young (1024K), 1 survivors (1024K)
 Metaspace       used 63215K, capacity 64596K, committed 64636K, reserved 1105920K
  class space    used 7623K, capacity 8180K, committed 8192K, reserved 1048576K
}
Event: 232878.340 GC heap before
{Heap before GC invocations=80 (full 0):
 garbage-first heap   total 155648K, used 116023K [0x00000000a1000000, 0x0000000100000000)
  region size 1024K, 91 young (93184K), 1 survivors (1024K)
 Metaspace       used 63215K, capacity 64596K, committed 64636K, reserved 1105920K
  class space    used 7623K, capacity 8180K, committed 8192K, reserved 1048576K
}
Event: 232878.346 GC heap after
{Heap after GC invocations=81 (full 0):
 garbage-first heap   total 155648K, used 23868K [0x00000000a1000000, 0x0000000100000000)
  region size 1024K, 1 young (1024K), 1 survivors (1024K)
 Metaspace       used 63215K, capacity 64596K, committed 64636K, reserved 1105920K
  class space    used 7623K, capacity 8180K, committed 8192K, reserved 1048576K
}
Event: 236440.005 GC heap before
{Heap before GC invocations=81 (full 0):
 garbage-first heap   total 155648K, used 116028K [0x00000000a1000000, 0x0000000100000000)
  region size 1024K, 91 young (93184K), 1 survivors (1024K)
 Metaspace       used 63216K, capacity 64596K, committed 64636K, reserved 1105920K
  class space    used 7623K, capacity 8180K, committed 8192K, reserved 1048576K
}
Event: 236440.016 GC heap after
{Heap after GC invocations=82 (full 0):
 garbage-first heap   total 155648K, used 23888K [0x00000000a1000000, 0x0000000100000000)
  region size 1024K, 1 young (1024K), 1 survivors (1024K)
 Metaspace       used 63216K, capacity 64596K, committed 64636K, reserved 1105920K
  class space    used 7623K, capacity 8180K, committed 8192K, reserved 1048576K
}
Event: 240069.804 GC heap before
{Heap before GC invocations=82 (full 0):
 garbage-first heap   total 155648K, used 116048K [0x00000000a1000000, 0x0000000100000000)
  region size 1024K, 91 young (93184K), 1 survivors (1024K)
 Metaspace       used 63216K, capacity 64596K, committed 64636K, reserved 1105920K
  class space    used 7623K, capacity 8180K, committed 8192K, reserved 1048576K
}
Event: 240069.809 GC heap after
{Heap after GC invocations=83 (full 0):
 garbage-first heap   total 155648K, used 23868K [0x00000000a1000000, 0x0000000100000000)
  region size 1024K, 1 young (1024K), 1 survivors (1024K)
 Metaspace       used 63216K, capacity 64596K, committed 64636K, reserved 1105920K
  class space    used 7623K, capacity 8180K, committed 8192K, reserved 1048576K
}
Event: 243650.173 GC heap before
{Heap before GC invocations=83 (full 0):
 garbage-first heap   total 155648K, used 116028K [0x00000000a1000000, 0x0000000100000000)
  region size 1024K, 91 young (93184K), 1 survivors (1024K)
 Metaspace       used 63216K, capacity 64596K, committed 64636K, reserved 1105920K
  class space    used 7623K, capacity 8180K, committed 8192K, reserved 1048576K
}
Event: 243650.179 GC heap after
{Heap after GC invocations=84 (full 0):
 garbage-first heap   total 155648K, used 23878K [0x00000000a1000000, 0x0000000100000000)
  region size 1024K, 1 young (1024K), 1 survivors (1024K)
 Metaspace       used 63216K, capacity 64596K, committed 64636K, reserved 1105920K
  class space    used 7623K, capacity 8180K, committed 8192K, reserved 1048576K
}
Event: 247216.283 GC heap before
{Heap before GC invocations=84 (full 0):
 garbage-first heap   total 155648K, used 116038K [0x00000000a1000000, 0x0000000100000000)
  region size 1024K, 91 young (93184K), 1 survivors (1024K)
 Metaspace       used 63216K, capacity 64596K, committed 64636K, reserved 1105920K
  class space    used 7623K, capacity 8180K, committed 8192K, reserved 1048576K
}
Event: 247216.286 GC heap after
{Heap after GC invocations=85 (full 0):
 garbage-first heap   total 155648K, used 23877K [0x00000000a1000000, 0x0000000100000000)
  region size 1024K, 1 young (1024K), 1 survivors (1024K)
 Metaspace       used 63216K, capacity 64596K, committed 64636K, reserved 1105920K
  class space    used 7623K, capacity 8180K, committed 8192K, reserved 1048576K
}
Event: 250795.145 GC heap before
{Heap before GC invocations=85 (full 0):
 garbage-first heap   total 155648K, used 116037K [0x00000000a1000000, 0x0000000100000000)
  region size 1024K, 91 young (93184K), 1 survivors (1024K)
 Metaspace       used 63224K, capacity 64596K, committed 64636K, reserved 1105920K
  class space    used 7623K, capacity 8180K, committed 8192K, reserved 1048576K
}
Event: 250795.152 GC heap after
{Heap after GC invocations=86 (full 0):
 garbage-first heap   total 155648K, used 23927K [0x00000000a1000000, 0x0000000100000000)
  region size 1024K, 1 young (1024K), 1 survivors (1024K)
 Metaspace       used 63224K, capacity 64596K, committed 64636K, reserved 1105920K
  class space    used 7623K, capacity 8180K, committed 8192K, reserved 1048576K
}
Event: 254555.724 GC heap before
{Heap before GC invocations=86 (full 0):
 garbage-first heap   total 155648K, used 116087K [0x00000000a1000000, 0x0000000100000000)
  region size 1024K, 91 young (93184K), 1 survivors (1024K)
 Metaspace       used 63228K, capacity 64596K, committed 64636K, reserved 1105920K
  class space    used 7623K, capacity 8180K, committed 8192K, reserved 1048576K
}
Event: 254555.803 GC heap after
{Heap after GC invocations=87 (full 0):
 garbage-first heap   total 155648K, used 23930K [0x00000000a1000000, 0x0000000100000000)
  region size 1024K, 1 young (1024K), 1 survivors (1024K)
 Metaspace       used 63228K, capacity 64596K, committed 64636K, reserved 1105920K
  class space    used 7623K, capacity 8180K, committed 8192K, reserved 1048576K
}
Event: 258296.805 GC heap before
{Heap before GC invocations=87 (full 0):
 garbage-first heap   total 155648K, used 116090K [0x00000000a1000000, 0x0000000100000000)
  region size 1024K, 91 young (93184K), 1 survivors (1024K)
 Metaspace       used 63228K, capacity 64596K, committed 64636K, reserved 1105920K
  class space    used 7623K, capacity 8180K, committed 8192K, reserved 1048576K
}
Event: 258296.815 GC heap after
{Heap after GC invocations=88 (full 0):
 garbage-first heap   total 155648K, used 23881K [0x00000000a1000000, 0x0000000100000000)
  region size 1024K, 1 young (1024K), 1 survivors (1024K)
 Metaspace       used 63228K, capacity 64596K, committed 64636K, reserved 1105920K
  class space    used 7623K, capacity 8180K, committed 8192K, reserved 1048576K
}

Deoptimization events (20 events):
Event: 258600.556 Thread 0x000001fd2ec5c000 Uncommon trap: trap_request=0xffffff4d fr.pc=0x000001fd1e3d93e0 relative=0x0000000000001820
Event: 258600.556 Thread 0x000001fd2ec5c000 Uncommon trap: reason=unstable_if action=reinterpret pc=0x000001fd1e3d93e0 method=java.util.concurrent.ThreadPoolExecutor.runStateAtLeast(II)Z @ 2 c2
Event: 258600.556 Thread 0x000001fd2ec5c000 DEOPT PACKING pc=0x000001fd1e3d93e0 sp=0x00000075cb2ff650
Event: 258600.556 Thread 0x000001fd2ec5c000 DEOPT UNPACKING pc=0x000001fd165a8129 sp=0x00000075cb2ff528 mode 2
Event: 258600.577 Thread 0x000001fd3054f800 Uncommon trap: trap_request=0xffffff4d fr.pc=0x000001fd1e389ffc relative=0x000000000000015c
Event: 258600.577 Thread 0x000001fd3054f800 Uncommon trap: reason=unstable_if action=reinterpret pc=0x000001fd1e389ffc method=java.util.concurrent.locks.ReentrantLock$Sync.nonfairTryAcquire(I)Z @ 34 c2
Event: 258600.577 Thread 0x000001fd3054f800 DEOPT PACKING pc=0x000001fd1e389ffc sp=0x00000075cb0fde40
Event: 258600.577 Thread 0x000001fd3054f800 DEOPT UNPACKING pc=0x000001fd165a8129 sp=0x00000075cb0fddf0 mode 2
Event: 258600.577 Thread 0x000001fd3054f800 Uncommon trap: trap_request=0xffffff4d fr.pc=0x000001fd1e3436f4 relative=0x00000000000001b4
Event: 258600.577 Thread 0x000001fd3054f800 Uncommon trap: reason=unstable_if action=reinterpret pc=0x000001fd1e3436f4 method=java.util.concurrent.locks.ReentrantLock$Sync.tryRelease(I)Z @ 28 c2
Event: 258600.577 Thread 0x000001fd3054f800 DEOPT PACKING pc=0x000001fd1e3436f4 sp=0x00000075cb0fded0
Event: 258600.577 Thread 0x000001fd3054f800 DEOPT UNPACKING pc=0x000001fd165a8129 sp=0x00000075cb0fde20 mode 2
Event: 258600.579 Thread 0x000001fd3054f800 Uncommon trap: trap_request=0xffffff4d fr.pc=0x000001fd1e33fc50 relative=0x00000000000000b0
Event: 258600.579 Thread 0x000001fd3054f800 Uncommon trap: reason=unstable_if action=reinterpret pc=0x000001fd1e33fc50 method=java.util.concurrent.locks.ReentrantLock$Sync.tryRelease(I)Z @ 28 c2
Event: 258600.579 Thread 0x000001fd3054f800 DEOPT PACKING pc=0x000001fd1e33fc50 sp=0x00000075cb0fde70
Event: 258600.579 Thread 0x000001fd3054f800 DEOPT UNPACKING pc=0x000001fd165a8129 sp=0x00000075cb0fde20 mode 2
Event: 258600.579 Thread 0x000001fd30545000 Uncommon trap: trap_request=0xffffff4d fr.pc=0x000001fd1e3d49f0 relative=0x0000000000001c70
Event: 258600.579 Thread 0x000001fd30545000 Uncommon trap: reason=unstable_if action=reinterpret pc=0x000001fd1e3d49f0 method=java.util.concurrent.ThreadPoolExecutor.runStateAtLeast(II)Z @ 2 c2
Event: 258600.579 Thread 0x000001fd30545000 DEOPT PACKING pc=0x000001fd1e3d49f0 sp=0x00000075cb3ff190
Event: 258600.579 Thread 0x000001fd30545000 DEOPT UNPACKING pc=0x000001fd165a8129 sp=0x00000075cb3ff068 mode 2

Classes redefined (0 events):
No events

Internal exceptions (20 events):
Event: 108778.135 Thread 0x000001fd30544000 Exception <a 'java/lang/IllegalArgumentException'{0x00000000a8f87a98}: object is not an instance of declaring class> (0x00000000a8f87a98) thrown at [./src/hotspot/share/runtime/reflection.cpp, line 1105]
Event: 122992.506 Thread 0x000001fd3054b800 Exception <a 'java/lang/IllegalArgumentException'{0x00000000aa18ce88}: object is not an instance of declaring class> (0x00000000aa18ce88) thrown at [./src/hotspot/share/runtime/reflection.cpp, line 1105]
Event: 127193.934 Thread 0x000001fd30544000 Exception <a 'java/lang/IllegalArgumentException'{0x00000000a958d070}: object is not an instance of declaring class> (0x00000000a958d070) thrown at [./src/hotspot/share/runtime/reflection.cpp, line 1105]
Event: 129473.041 Thread 0x000001fd3054a000 Exception <a 'java/lang/IllegalArgumentException'{0x00000000a5f09a18}: object is not an instance of declaring class> (0x00000000a5f09a18) thrown at [./src/hotspot/share/runtime/reflection.cpp, line 1105]
Event: 149342.804 Thread 0x000001fd3054c800 Exception <a 'java/lang/ArrayIndexOutOfBoundsException'{0x00000000a9701698}: Index -1 out of bounds for length 128> (0x00000000a9701698) thrown at [./src/hotspot/share/interpreter/interpreterRuntime.cpp, line 459]
Event: 177895.178 Thread 0x000001fd30546000 Exception <a 'java/lang/IllegalArgumentException'{0x00000000a9ac60f0}: object is not an instance of declaring class> (0x00000000a9ac60f0) thrown at [./src/hotspot/share/runtime/reflection.cpp, line 1105]
Event: 181461.618 Thread 0x000001fd30544000 Exception <a 'java/lang/IllegalArgumentException'{0x00000000a9a0a0d0}: object is not an instance of declaring class> (0x00000000a9a0a0d0) thrown at [./src/hotspot/share/runtime/reflection.cpp, line 1105]
Event: 184171.722 Thread 0x000001fd30546000 Exception <a 'java/lang/IllegalArgumentException'{0x00000000a598b090}: object is not an instance of declaring class> (0x00000000a598b090) thrown at [./src/hotspot/share/runtime/reflection.cpp, line 1105]
Event: 194615.105 Thread 0x000001fd30544000 Exception <a 'java/lang/IllegalArgumentException'{0x00000000a6c0d700}: object is not an instance of declaring class> (0x00000000a6c0d700) thrown at [./src/hotspot/share/runtime/reflection.cpp, line 1105]
Event: 196924.844 Thread 0x000001fd30548000 Exception <a 'java/lang/IllegalArgumentException'{0x00000000a8d8d258}: object is not an instance of declaring class> (0x00000000a8d8d258) thrown at [./src/hotspot/share/runtime/reflection.cpp, line 1105]
Event: 202654.662 Thread 0x000001fd3054a800 Exception <a 'java/lang/IllegalArgumentException'{0x00000000a5c8e6d8}: object is not an instance of declaring class> (0x00000000a5c8e6d8) thrown at [./src/hotspot/share/runtime/reflection.cpp, line 1105]
Event: 203315.560 Thread 0x000001fd30549000 Exception <a 'java/io/IOException'{0x00000000aa550270}> (0x00000000aa550270) thrown at [./src/hotspot/share/prims/jni.cpp, line 615]
Event: 211128.005 Thread 0x000001fd30546000 Exception <a 'java/lang/IllegalArgumentException'{0x00000000aa28fe70}: object is not an instance of declaring class> (0x00000000aa28fe70) thrown at [./src/hotspot/share/runtime/reflection.cpp, line 1105]
Event: 235743.220 Thread 0x000001fd30548000 Exception <a 'java/lang/ArrayIndexOutOfBoundsException'{0x00000000a6114798}: Index -1 out of bounds for length 128> (0x00000000a6114798) thrown at [./src/hotspot/share/interpreter/interpreterRuntime.cpp, line 459]
Event: 249253.771 Thread 0x000001fd30545000 Exception <a 'java/lang/IllegalArgumentException'{0x00000000a740f630}: object is not an instance of declaring class> (0x00000000a740f630) thrown at [./src/hotspot/share/runtime/reflection.cpp, line 1105]
Event: 252816.117 Thread 0x000001fd30544000 Exception <a 'java/lang/IllegalArgumentException'{0x00000000a788ff10}: object is not an instance of declaring class> (0x00000000a788ff10) thrown at [./src/hotspot/share/runtime/reflection.cpp, line 1105]
Event: 258594.317 Thread 0x000001fd2ec5a800 Implicit null exception at 0x000001fd1e34aa9b to 0x000001fd1e34d81a
Event: 258596.175 Thread 0x000001fd2ec5a800 Implicit null exception at 0x000001fd1e349b1f to 0x000001fd1e34a00a
Event: 258599.504 Thread 0x000001fd2ec57000 Exception <a 'java/lang/InterruptedException'{0x00000000a9f00040}: sleep interrupted> (0x00000000a9f00040) thrown at [./src/hotspot/share/prims/jvm.cpp, line 3107]
Event: 258600.200 Thread 0x000001fd3054f800 Exception <a 'java/lang/NoSuchMethodError'{0x00000000a9eaced8}: 'java.lang.Object java.lang.invoke.DirectMethodHandle$Holder.invokeStatic(java.lang.Object, int, java.lang.Object)'> (0x00000000a9eaced8) thrown at [./src/hotspot/share/interpreter/linkResolver.cpp, line 773]

Events (20 events):
Event: 258600.565 Executing VM operation: RevokeBias
Event: 258600.567 Executing VM operation: RevokeBias done
Event: 258600.567 Executing VM operation: RevokeBias
Event: 258600.568 Executing VM operation: RevokeBias done
Event: 258600.568 Executing VM operation: RevokeBias
Event: 258600.568 Executing VM operation: RevokeBias done
Event: 258600.568 Executing VM operation: RevokeBias
Event: 258600.568 Executing VM operation: RevokeBias done
Event: 258600.568 Executing VM operation: RevokeBias
Event: 258600.570 Executing VM operation: RevokeBias done
Event: 258600.570 Executing VM operation: RevokeBias
Event: 258600.572 Executing VM operation: RevokeBias done
Event: 258600.572 Executing VM operation: RevokeBias
Event: 258600.573 Executing VM operation: RevokeBias done
Event: 258600.573 Executing VM operation: RevokeBias
Event: 258600.576 Executing VM operation: RevokeBias done
Event: 258600.576 Executing VM operation: RevokeBias
Event: 258600.576 Executing VM operation: RevokeBias done
Event: 258600.579 Thread 0x000001fd30545000 Thread exited: 0x000001fd30545000
Event: 258600.604 Executing VM operation: G1CollectFull


Dynamic libraries:
0x00007ff7d07a0000 - 0x00007ff7d07aa000 	C:\Program Files\JetBrains\IntelliJ IDEA Community Edition 2019.3.4\jbr\bin\java.exe
0x00007ff9214e0000 - 0x00007ff9216d0000 	C:\WINDOWS\SYSTEM32\ntdll.dll
0x00007ff8f0ce0000 - 0x00007ff8f0cf3000 	C:\Program Files (x86)\AVG\Antivirus\aswhook.dll
0x00007ff920730000 - 0x00007ff9207e2000 	C:\WINDOWS\System32\KERNEL32.DLL
0x00007ff91f2c0000 - 0x00007ff91f564000 	C:\WINDOWS\System32\KERNELBASE.dll
0x00007ff91e670000 - 0x00007ff91e76a000 	C:\WINDOWS\System32\ucrtbase.dll
0x00007ff909e50000 - 0x00007ff909e69000 	C:\Program Files\JetBrains\IntelliJ IDEA Community Edition 2019.3.4\jbr\bin\jli.dll
0x00007ff920d10000 - 0x00007ff920ea4000 	C:\WINDOWS\System32\USER32.dll
0x00007ff91e770000 - 0x00007ff91e791000 	C:\WINDOWS\System32\win32u.dll
0x00007ff9207f0000 - 0x00007ff920816000 	C:\WINDOWS\System32\GDI32.dll
0x00007ff91e840000 - 0x00007ff91e9d5000 	C:\WINDOWS\System32\gdi32full.dll
0x00007ff91e7a0000 - 0x00007ff91e83e000 	C:\WINDOWS\System32\msvcp_win.dll
0x00007ff909e30000 - 0x00007ff909e47000 	C:\Program Files\JetBrains\IntelliJ IDEA Community Edition 2019.3.4\jbr\bin\VCRUNTIME140.dll
0x00007ff8f6010000 - 0x00007ff8f6294000 	C:\WINDOWS\WinSxS\amd64_microsoft.windows.common-controls_6595b64144ccf1df_6.0.18362.900_none_e6beb9d913147d17\COMCTL32.dll
0x00007ff91f8d0000 - 0x00007ff91f96e000 	C:\WINDOWS\System32\msvcrt.dll
0x00007ff91f590000 - 0x00007ff91f8c5000 	C:\WINDOWS\System32\combase.dll
0x00007ff920060000 - 0x00007ff920180000 	C:\WINDOWS\System32\RPCRT4.dll
0x00007ff91e470000 - 0x00007ff91e4f0000 	C:\WINDOWS\System32\bcryptPrimitives.dll
0x00007ff920500000 - 0x00007ff92052e000 	C:\WINDOWS\System32\IMM32.DLL
0x00007ff8eda40000 - 0x00007ff8edadd000 	C:\Program Files\JetBrains\IntelliJ IDEA Community Edition 2019.3.4\jbr\bin\msvcp140.dll
0x00007ff8bce20000 - 0x00007ff8bd8db000 	C:\Program Files\JetBrains\IntelliJ IDEA Community Edition 2019.3.4\jbr\bin\server\jvm.dll
0x00007ff9213d0000 - 0x00007ff921473000 	C:\WINDOWS\System32\ADVAPI32.dll
0x00007ff920c70000 - 0x00007ff920d07000 	C:\WINDOWS\System32\sechost.dll
0x00007ff920490000 - 0x00007ff920498000 	C:\WINDOWS\System32\PSAPI.DLL
0x00007ff90ef90000 - 0x00007ff90ef99000 	C:\WINDOWS\SYSTEM32\WSOCK32.dll
0x00007ff9203b0000 - 0x00007ff92041f000 	C:\WINDOWS\System32\WS2_32.dll
0x00007ff91a580000 - 0x00007ff91a5a4000 	C:\WINDOWS\SYSTEM32\WINMM.dll
0x00007ff919ad0000 - 0x00007ff919ada000 	C:\WINDOWS\SYSTEM32\VERSION.dll
0x00007ff91a550000 - 0x00007ff91a57d000 	C:\WINDOWS\SYSTEM32\WINMMBASE.dll
0x00007ff91ea40000 - 0x00007ff91ea8a000 	C:\WINDOWS\System32\cfgmgr32.dll
0x00007ff91e450000 - 0x00007ff91e461000 	C:\WINDOWS\System32\kernel.appcore.dll
0x00007ff913490000 - 0x00007ff9134a1000 	C:\Program Files\JetBrains\IntelliJ IDEA Community Edition 2019.3.4\jbr\bin\verify.dll
0x00007ff918d10000 - 0x00007ff918f04000 	C:\WINDOWS\SYSTEM32\DBGHELP.DLL
0x00007ff9186f0000 - 0x00007ff91871a000 	C:\WINDOWS\SYSTEM32\dbgcore.DLL
0x00007ff90e5d0000 - 0x00007ff90e5f9000 	C:\Program Files\JetBrains\IntelliJ IDEA Community Edition 2019.3.4\jbr\bin\java.dll
0x00007ff90e0c0000 - 0x00007ff90e0cf000 	C:\Program Files\JetBrains\IntelliJ IDEA Community Edition 2019.3.4\jbr\bin\instrument.dll
0x00007ff913470000 - 0x00007ff913488000 	C:\Program Files\JetBrains\IntelliJ IDEA Community Edition 2019.3.4\jbr\bin\zip.dll
0x00007ff919710000 - 0x00007ff91971b000 	C:\Program Files\JetBrains\IntelliJ IDEA Community Edition 2019.3.4\jbr\bin\jimage.dll
0x00007ff91f970000 - 0x00007ff920056000 	C:\WINDOWS\System32\SHELL32.dll
0x00007ff921320000 - 0x00007ff9213c9000 	C:\WINDOWS\System32\shcore.dll
0x00007ff91ea90000 - 0x00007ff91f210000 	C:\WINDOWS\System32\windows.storage.dll
0x00007ff91e3b0000 - 0x00007ff91e3d3000 	C:\WINDOWS\System32\profapi.dll
0x00007ff91e400000 - 0x00007ff91e44a000 	C:\WINDOWS\System32\powrprof.dll
0x00007ff91e3a0000 - 0x00007ff91e3b0000 	C:\WINDOWS\System32\UMPDC.dll
0x00007ff9209d0000 - 0x00007ff920a22000 	C:\WINDOWS\System32\shlwapi.dll
0x00007ff91f570000 - 0x00007ff91f587000 	C:\WINDOWS\System32\cryptsp.dll
0x00007ff90e5b0000 - 0x00007ff90e5ca000 	C:\Program Files\JetBrains\IntelliJ IDEA Community Edition 2019.3.4\jbr\bin\net.dll
0x00007ff913230000 - 0x00007ff913320000 	C:\WINDOWS\SYSTEM32\WINHTTP.dll
0x00007ff91dc10000 - 0x00007ff91dc77000 	C:\WINDOWS\system32\mswsock.dll
0x00007ff90e190000 - 0x00007ff90e1a4000 	C:\Program Files\JetBrains\IntelliJ IDEA Community Edition 2019.3.4\jbr\bin\nio.dll
0x00007ff909f40000 - 0x00007ff909f5a000 	C:\Program Files\JetBrains\IntelliJ IDEA Community Edition 2019.3.4\bin\breakgen64.dll
0x00007ff918b60000 - 0x00007ff918b6a000 	C:\Program Files\JetBrains\IntelliJ IDEA Community Edition 2019.3.4\jbr\bin\management.dll
0x00007ff918ad0000 - 0x00007ff918adc000 	C:\Program Files\JetBrains\IntelliJ IDEA Community Edition 2019.3.4\jbr\bin\management_ext.dll
0x00007ff90a640000 - 0x00007ff90a656000 	C:\WINDOWS\system32\napinsp.dll
0x00007ff90a620000 - 0x00007ff90a63a000 	C:\WINDOWS\system32\pnrpnsp.dll
0x00007ff91d960000 - 0x00007ff91da2b000 	C:\WINDOWS\SYSTEM32\DNSAPI.dll
0x00007ff920c60000 - 0x00007ff920c68000 	C:\WINDOWS\System32\NSI.dll
0x00007ff91d920000 - 0x00007ff91d95a000 	C:\WINDOWS\SYSTEM32\IPHLPAPI.DLL
0x00007ff90a610000 - 0x00007ff90a61e000 	C:\WINDOWS\System32\winrnr.dll
0x00007ff918880000 - 0x00007ff91889c000 	C:\WINDOWS\system32\NLAapi.dll
0x00007ff90a5d0000 - 0x00007ff90a5e5000 	C:\WINDOWS\system32\wshbth.dll
0x00007ff9140d0000 - 0x00007ff9140da000 	C:\Windows\System32\rasadhlp.dll
0x00007ff917000000 - 0x00007ff917077000 	C:\WINDOWS\System32\fwpuclnt.dll
0x00007ff91e4f0000 - 0x00007ff91e516000 	C:\WINDOWS\System32\bcrypt.dll
0x00007ff91d720000 - 0x00007ff91d753000 	C:\WINDOWS\system32\rsaenh.dll
0x00007ff91e2c0000 - 0x00007ff91e2e5000 	C:\WINDOWS\SYSTEM32\USERENV.dll
0x00007ff91dde0000 - 0x00007ff91ddec000 	C:\WINDOWS\SYSTEM32\CRYPTBASE.dll
0x00007ff919760000 - 0x00007ff919776000 	C:\WINDOWS\SYSTEM32\dhcpcsvc6.DLL
0x00007ff919740000 - 0x00007ff91975c000 	C:\WINDOWS\SYSTEM32\dhcpcsvc.DLL
0x00007ff909e70000 - 0x00007ff909e98000 	C:\Program Files\JetBrains\IntelliJ IDEA Community Edition 2019.3.4\jbr\bin\sunec.dll

dbghelp: loaded successfully - version: 4.0.5 - missing functions: none
symbol engine: initialized successfully - sym options: 0x614 - pdb path: .;C:\Program Files\JetBrains\IntelliJ IDEA Community Edition 2019.3.4\jbr\bin;C:\WINDOWS\SYSTEM32;C:\Program Files (x86)\AVG\Antivirus;C:\WINDOWS\WinSxS\amd64_microsoft.windows.common-controls_6595b64144ccf1df_6.0.18362.900_none_e6beb9d913147d17;C:\Program Files\JetBrains\IntelliJ IDEA Community Edition 2019.3.4\jbr\bin\server;C:\Program Files\JetBrains\IntelliJ IDEA Community Edition 2019.3.4\bin

VM Arguments:
jvm_args: -javaagent:C:\Program Files\JetBrains\IntelliJ IDEA Community Edition 2019.3.4\lib\idea_rt.jar=60331:C:\Program Files\JetBrains\IntelliJ IDEA Community Edition 2019.3.4\bin -Dfile.encoding=UTF-8 
java_command: com.liblogic.memorialApp.MemorialApplication
java_class_path (initial): C:\Users\Tom\Desktop\Development\Java Memorials App\memorials-server\target\classes;C:\Users\Tom\.m2\repository\org\springframework\boot\spring-boot-starter-data-jpa\2.3.0.RELEASE\spring-boot-starter-data-jpa-2.3.0.RELEASE.jar;C:\Users\Tom\.m2\repository\org\springframework\boot\spring-boot-starter-aop\2.3.0.RELEASE\spring-boot-starter-aop-2.3.0.RELEASE.jar;C:\Users\Tom\.m2\repository\org\aspectj\aspectjweaver\1.9.5\aspectjweaver-1.9.5.jar;C:\Users\Tom\.m2\repository\org\springframework\boot\spring-boot-starter-jdbc\2.3.0.RELEASE\spring-boot-starter-jdbc-2.3.0.RELEASE.jar;C:\Users\Tom\.m2\repository\com\zaxxer\HikariCP\3.4.5\HikariCP-3.4.5.jar;C:\Users\Tom\.m2\repository\org\springframework\spring-jdbc\5.2.6.RELEASE\spring-jdbc-5.2.6.RELEASE.jar;C:\Users\Tom\.m2\repository\jakarta\transaction\jakarta.transaction-api\1.3.3\jakarta.transaction-api-1.3.3.jar;C:\Users\Tom\.m2\repository\jakarta\persistence\jakarta.persistence-api\2.2.3\jakarta.persistence-api-2.2.3.jar;C:\Users\Tom\.m2\repository\org\hibernate\hibernate-core\5.4.15.Final\hibernate-core-5.4.15.Final.jar;C:\Users\Tom\.m2\repository\org\jboss\logging\jboss-logging\3.4.1.Final\jboss-logging-3.4.1.Final.jar;C:\Users\Tom\.m2\repository\org\javassist\javassist\3.24.0-GA\javassist-3.24.0-GA.jar;C:\Users\Tom\.m2\repository\net\bytebuddy\byte-buddy\1.10.10\byte-buddy-1.10.10.jar;C:\Users\Tom\.m2\repository\antlr\antlr\2.7.7\antlr-2.7.7.jar;C:\Users\Tom\.m2\repository\org\jboss\jandex\2.1.3.Final\jandex-2.1.3.Final.jar;C:\Users\Tom\.m2\repository\com\fasterxml\classmate\1.5.1\classmate-1.5.1.jar;C:\Users\Tom\.m2\repository\org\dom4j\dom4j\2.1.3\dom4j-2.1.3.jar;C:\Users\Tom\.m2\repository\org\hibernate\common\hibernate-commons-annotations\5.1.0.Final\hibernate-commons-annotations-5.1.0.Final.jar;C:\Users\Tom\.m2\repository\org\glassfish\jaxb\jaxb-runtime\2.3.3\jaxb-runtime-2.3.3.jar;C:\Users\Tom\.m2\repository\org\glassfish\jaxb\txw2\2.3.3\txw2-2.3.3.jar;C:\Users\Tom\.m2\repository\com\
Launcher Type: SUN_STANDARD

[Global flags]
     intx CICompilerCount                          = 2                                         {product} {ergonomic}
     uint ConcGCThreads                            = 1                                         {product} {ergonomic}
     uint G1ConcRefinementThreads                  = 2                                         {product} {ergonomic}
   size_t G1HeapRegionSize                         = 1048576                                   {product} {ergonomic}
    uintx GCDrainStackTargetSize                   = 64                                        {product} {ergonomic}
   size_t InitialHeapSize                          = 100663296                                 {product} {ergonomic}
   size_t MarkStackSize                            = 4194304                                   {product} {ergonomic}
   size_t MaxHeapSize                              = 1593835520                                {product} {ergonomic}
   size_t MaxNewSize                               = 956301312                                 {product} {ergonomic}
   size_t MinHeapDeltaBytes                        = 1048576                                   {product} {ergonomic}
    uintx NonNMethodCodeHeapSize                   = 5825164                                {pd product} {ergonomic}
    uintx NonProfiledCodeHeapSize                  = 122916538                              {pd product} {ergonomic}
    uintx ProfiledCodeHeapSize                     = 122916538                              {pd product} {ergonomic}
    uintx ReservedCodeCacheSize                    = 251658240                              {pd product} {ergonomic}
     bool SegmentedCodeCache                       = true                                      {product} {ergonomic}
     bool UseCompressedClassPointers               = true                                 {lp64_product} {ergonomic}
     bool UseCompressedOops                        = true                                 {lp64_product} {ergonomic}
     bool UseG1GC                                  = true                                      {product} {ergonomic}
     bool UseLargePagesIndividualAllocation        = false                                  {pd product} {ergonomic}

Logging:
Log output configuration:
 #0: stdout all=warning uptime,level,tags
 #1: stderr all=off uptime,level,tags

Environment Variables:
JAVA_HOME=C:\Program Files\Java\jdk-13.0.2
PATH=C:\Program Files\Java\jdk-13.0.2\bin;C:\Windows\system32;C:\Windows;C:\Windows\System32\Wbem;C:\Windows\System32\WindowsPowerShell\v1.0\;C:\Program Files (x86)\QuickTime\QTSystem\;C:\Program Files\Microsoft SQL Server\110\Tools\Binn\;C:\Program Files\Microsoft SQL Server\120\Tools\Binn\;C:\Python26\;C:\ProgramData\chocolatey\bin;C:\Program Files (x86)\PuTTY\;C:\Program Files (x86)\NVIDIA Corporation\PhysX\Common;C:\Program Files (x86)\Extensis\Suitcase Fusion 6\;C:\WINDOWS\System32\WindowsPowerShell\v1.0\;C:\Program Files (x86)\Common Files\Intuit\QBPOSSDKRuntime;C:\WINDOWS\system32;C:\WINDOWS;C:\WINDOWS\System32\Wbem;C:\WINDOWS\System32\WindowsPowerShell\v1.0\;C:\WINDOWS\System32\OpenSSH\;C:\HashiCorp\Vagrant\bin;C:\Users\Tom\AppData\Roaming\nvm;C:\Program Files\nodejs;C:\Program Files\Git\cmd;C:\Program Files\MongoDB\Server\3.6\bin;C:\Program Files\Calibre2\;C:\Program Files\dotnet\;C:\Program Files\Microsoft SQL Server\130\Tools\Binn\;C:\Users\Tom\Desktop\Development\CapstoneProject\WebScraper\;C:\Program Files\NVIDIA Corporation\NVIDIA NvDLISR;C:\Users\Tom\AppData\Roaming\nvm;C:\Program Files\nodejs;C:\Program Files (x86)\Git\bin;C:\Users\Tom\AppData\Roaming\npm\c:\Python26;c:\Python26\Lib;c:\Python26\DLLs;c:\Python26\Lib\lib-tk;C:\Users\Tom\AppData\Local\Microsoft\WindowsApps;C:\Users\Tom\AppData\Local\Programs\Microsoft VS Code\bin;C:\Program Files\heroku\bin;C:\Users\Tom\.dotnet\tools;C:\Users\Tom\AppData\Local\Microsoft\WindowsApps;C:\Users\Tom\AppData\Local\Android\Sdk\platform-tools;C:\Program Files\JetBrains\IntelliJ IDEA Community Edition 2019.3.4\bin;;C:\Users\Tom\AppData\Roaming\nvm;C:\Program Files\nodejs
USERNAME=Tom
OS=Windows_NT
PROCESSOR_IDENTIFIER=Intel64 Family 6 Model 23 Stepping 10, GenuineIntel



---------------  S Y S T E M  ---------------

OS: Windows 10 , 64 bit Build 18362 (10.0.18362.900)
OS uptime: 7 days 14:11 hours

CPU:total 2 (initial active 2) (2 cores per cpu, 1 threads per core) family 6 model 23 stepping 10, cmov, cx8, fxsr, mmx, sse, sse2, sse3, ssse3, sse4.1, tsc

Memory: 4k page, system-wide physical 6076M (661M free)
TotalPageFile size 14266M (AvailPageFile size 2M)
current process WorkingSet (physical memory assigned to process): 148M, peak: 303M
current process commit charge ("private bytes"): 335M, peak: 345M

vm_info: OpenJDK 64-Bit Server VM (11.0.7+10-b765.53) for windows-amd64 JRE (11.0.7+10-b765.53), built on May 12 2020 04:38:25 by "" with MS VC++ 14.0 (VS2015)

END.
